<testsuites id="" name="" tests="1" failures="0" skipped="0" errors="0" time="4.624758">
<testsuite name="test.e2e.spec.ts" timestamp="2024-12-05T17:38:03.107Z" hostname="chromium" tests="1" failures="0" skipped="0" time="1.319" errors="0">
<testcase name="Poplin  UseCases =&gt; Order Placement › Use Case 1: Place a New Order with Standard Delivery" classname="test.e2e.spec.ts" time="1.319">
<system-out>
<![CDATA[Set Page Worker Index: 0
Set Page Worker Index: 0
]]>
</system-out>
</testcase>
</testsuite>
</testsuites>